<?xml version="1.0" encoding="UTF-8"?>
<testng-results skipped="0" failed="0" total="3" passed="3">
  <reporter-output>
  </reporter-output>
  <suite name="JSONTest" duration-ms="102" started-at="2016-01-21T11:31:55Z" finished-at="2016-01-21T11:31:55Z">
    <groups>
    </groups>
    <test name="Command line test" duration-ms="102" started-at="2016-01-21T11:31:55Z" finished-at="2016-01-21T11:31:55Z">
      <class name="JSONTest">
        <test-method status="PASS" signature="test1()[pri:0, instance:JSONTest@3c407d5]" name="test1" duration-ms="17" started-at="2016-01-21T11:31:55Z" finished-at="2016-01-21T11:31:55Z">
        </test-method>
        <test-method status="PASS" signature="test2()[pri:0, instance:JSONTest@3c407d5]" name="test2" duration-ms="1" started-at="2016-01-21T11:31:55Z" finished-at="2016-01-21T11:31:55Z">
        </test-method>
        <test-method status="PASS" signature="testXstream()[pri:0, instance:JSONTest@3c407d5]" name="testXstream" duration-ms="61" started-at="2016-01-21T11:31:55Z" finished-at="2016-01-21T11:31:55Z">
        </test-method>
      </class>
    </test>
  </suite>
</testng-results>
